build/intermediates/manifest_merge_blame_file/debug/manifest-merger-blame-debug-report.txt
1<?xml version="1.0" encoding="utf-8"?>
2<!-- GENERATED BY UNITY. REMOVE THIS COMMENT TO PREVENT OVERWRITING WHEN EXPORTING AGAIN -->
3<manifest xmlns:android="http://schemas.android.com/apk/res/android"
4    package="com.unity.arfoundation.samples"
5    android:installLocation="preferExternal"
6    android:versionCode="1"
7    android:versionName="0.1" >
8
9    <uses-sdk
10        android:minSdkVersion="24"
10-->src/main/AndroidManifest.xml
11        android:targetSdkVersion="29" />
11-->src/main/AndroidManifest.xml
12
13    <supports-screens
13-->src/main/AndroidManifest.xml:4:3-163
14        android:anyDensity="true"
14-->src/main/AndroidManifest.xml:4:135-160
15        android:largeScreens="true"
15-->src/main/AndroidManifest.xml:4:78-105
16        android:normalScreens="true"
16-->src/main/AndroidManifest.xml:4:49-77
17        android:smallScreens="true"
17-->src/main/AndroidManifest.xml:4:21-48
18        android:xlargeScreens="true" />
18-->src/main/AndroidManifest.xml:4:106-134
19
20    <uses-permission android:name="android.permission.CAMERA" />
20-->src/main/AndroidManifest.xml:5:3-63
20-->src/main/AndroidManifest.xml:5:20-60
21    <uses-permission android:name="android.permission.INTERNET" />
21-->src/main/AndroidManifest.xml:6:3-65
21-->src/main/AndroidManifest.xml:6:20-62
22    <uses-permission android:name="android.permission.RECORD_AUDIO" />
22-->src/main/AndroidManifest.xml:7:3-69
22-->src/main/AndroidManifest.xml:7:20-66
23    <uses-permission android:name="android.permission.MODIFY_AUDIO_SETTINGS" />
23-->src/main/AndroidManifest.xml:8:3-78
23-->src/main/AndroidManifest.xml:8:20-75
24    <uses-permission android:name="android.permission.ACCESS_WIFI_STATE" />
24-->src/main/AndroidManifest.xml:9:3-74
24-->src/main/AndroidManifest.xml:9:20-71
25    <uses-permission android:name="android.permission.ACCESS_NETWORK_STATE" />
25-->src/main/AndroidManifest.xml:10:3-77
25-->src/main/AndroidManifest.xml:10:20-74
26    <uses-permission android:name="android.permission.BLUETOOTH" />
26-->src/main/AndroidManifest.xml:11:3-66
26-->src/main/AndroidManifest.xml:11:20-63
27
28    <uses-feature android:glEsVersion="0x00020000" />
28-->[:unityLibrary] AndroidManifest.xml:13:5-54
28-->[:unityLibrary] AndroidManifest.xml:13:19-51
29    <uses-feature
29-->[:unityLibrary] AndroidManifest.xml:17:5-19:36
30        android:name="android.hardware.touchscreen"
30-->[:unityLibrary] AndroidManifest.xml:18:9-52
31        android:required="false" />
31-->[:unityLibrary] AndroidManifest.xml:19:9-33
32    <uses-feature
32-->[:unityLibrary] AndroidManifest.xml:20:5-22:36
33        android:name="android.hardware.touchscreen.multitouch"
33-->[:unityLibrary] AndroidManifest.xml:21:9-63
34        android:required="false" />
34-->[:unityLibrary] AndroidManifest.xml:22:9-33
35    <uses-feature
35-->[:unityLibrary] AndroidManifest.xml:23:5-25:36
36        android:name="android.hardware.touchscreen.multitouch.distinct"
36-->[:unityLibrary] AndroidManifest.xml:24:9-72
37        android:required="false" />
37-->[:unityLibrary] AndroidManifest.xml:25:9-33
38    <uses-feature
38-->[:unityLibrary] AndroidManifest.xml:29:5-31:35
39        android:name="android.hardware.camera.ar"
39-->[:unityLibrary] AndroidManifest.xml:30:9-50
40        android:required="true" />
40-->[:unityLibrary] AndroidManifest.xml:31:9-32
41    <uses-feature
41-->[:unityLibrary] AndroidManifest.xml:32:5-34:35
42        android:name="com.google.ar.core.depth"
42-->[:unityLibrary] AndroidManifest.xml:33:9-48
43        android:required="true" />
43-->[:unityLibrary] AndroidManifest.xml:34:9-32
44
45    <queries>
45-->[:arcore_client:] AndroidManifest.xml:29:5-31:15
46        <package android:name="com.google.ar.core" />
46-->[:arcore_client:] AndroidManifest.xml:30:9-54
46-->[:arcore_client:] AndroidManifest.xml:30:18-51
47    </queries>
48
49    <application
49-->src/main/AndroidManifest.xml:12:3-154
50        android:banner="@drawable/app_banner"
50-->src/main/AndroidManifest.xml:12:114-151
51        android:debuggable="true"
52        android:extractNativeLibs="true"
52-->src/main/AndroidManifest.xml:12:16-48
53        android:icon="@mipmap/app_icon"
53-->src/main/AndroidManifest.xml:12:82-113
54        android:isGame="true"
54-->[:unityLibrary] AndroidManifest.xml:36:18-39
55        android:label="@string/app_name"
55-->src/main/AndroidManifest.xml:12:49-81
56        android:testOnly="true" >
57        <activity
57-->[:unityLibrary] AndroidManifest.xml:37:9-54:20
58            android:name="com.unity3d.player.UnityPlayerActivity"
58-->[:unityLibrary] AndroidManifest.xml:38:13-66
59            android:configChanges="mcc|mnc|locale|touchscreen|keyboard|keyboardHidden|navigation|orientation|screenLayout|uiMode|screenSize|smallestScreenSize|fontScale|layoutDirection|density"
59-->[:unityLibrary] AndroidManifest.xml:39:13-194
60            android:hardwareAccelerated="false"
60-->[:unityLibrary] AndroidManifest.xml:40:13-48
61            android:launchMode="singleTask"
61-->[:unityLibrary] AndroidManifest.xml:41:13-44
62            android:screenOrientation="landscape"
62-->[:unityLibrary] AndroidManifest.xml:42:13-50
63            android:theme="@style/UnityThemeSelector" >
63-->[:unityLibrary] AndroidManifest.xml:43:13-54
64            <intent-filter>
64-->[:unityLibrary] AndroidManifest.xml:44:13-49:29
65                <action android:name="android.intent.action.MAIN" />
65-->[:unityLibrary] AndroidManifest.xml:45:17-69
65-->[:unityLibrary] AndroidManifest.xml:45:25-66
66
67                <category android:name="android.intent.category.LAUNCHER" />
67-->[:unityLibrary] AndroidManifest.xml:47:17-77
67-->[:unityLibrary] AndroidManifest.xml:47:27-74
68                <category android:name="android.intent.category.LEANBACK_LAUNCHER" />
68-->[:unityLibrary] AndroidManifest.xml:48:17-86
68-->[:unityLibrary] AndroidManifest.xml:48:27-83
69            </intent-filter>
70
71            <meta-data
71-->[:unityLibrary] AndroidManifest.xml:51:13-53:40
72                android:name="unityplayer.UnityActivity"
72-->[:unityLibrary] AndroidManifest.xml:52:17-57
73                android:value="true" />
73-->[:unityLibrary] AndroidManifest.xml:53:17-37
74        </activity>
75
76        <meta-data
76-->[:unityLibrary] AndroidManifest.xml:56:9-58:33
77            android:name="unity.splash-mode"
77-->[:unityLibrary] AndroidManifest.xml:57:13-45
78            android:value="0" />
78-->[:unityLibrary] AndroidManifest.xml:58:13-30
79        <meta-data
79-->[:unityLibrary] AndroidManifest.xml:59:9-61:36
80            android:name="unity.splash-enable"
80-->[:unityLibrary] AndroidManifest.xml:60:13-47
81            android:value="True" />
81-->[:unityLibrary] AndroidManifest.xml:61:13-33
82        <meta-data
82-->[:unityLibrary] AndroidManifest.xml:62:9-64:68
83            android:name="unity.build-id"
83-->[:unityLibrary] AndroidManifest.xml:63:13-42
84            android:value="7218ef5e-ccca-46a0-8795-60169b2cb6dc" />
84-->[:unityLibrary] AndroidManifest.xml:64:13-65
85        <meta-data
85-->[:unityLibrary] AndroidManifest.xml:65:9-67:36
86            android:name="unityplayer.SkipPermissionsDialog"
86-->[:unityLibrary] AndroidManifest.xml:66:13-61
87            android:value="true" />
87-->[:unityLibrary] AndroidManifest.xml:67:13-33
88        <meta-data
88-->[:unityLibrary] AndroidManifest.xml:68:9-70:40
89            android:name="com.google.ar.core"
89-->[:unityLibrary] AndroidManifest.xml:69:13-46
90            android:value="required" /> <!-- The minimal version code of ARCore APK required for an app using this SDK. -->
90-->[:unityLibrary] AndroidManifest.xml:70:13-37
91        <meta-data
91-->[:arcore_client:] AndroidManifest.xml:36:9-38:41
92            android:name="com.google.ar.core.min_apk_version"
92-->[:arcore_client:] AndroidManifest.xml:37:13-62
93            android:value="202940000" /> <!-- This activity is critical for installing ARCore when it is not already present. -->
93-->[:arcore_client:] AndroidManifest.xml:38:13-38
94        <activity
94-->[:arcore_client:] AndroidManifest.xml:40:9-46:80
95            android:name="com.google.ar.core.InstallActivity"
95-->[:arcore_client:] AndroidManifest.xml:41:13-62
96            android:configChanges="keyboardHidden|orientation|screenSize"
96-->[:arcore_client:] AndroidManifest.xml:42:13-74
97            android:excludeFromRecents="true"
97-->[:arcore_client:] AndroidManifest.xml:43:13-46
98            android:exported="false"
98-->[:arcore_client:] AndroidManifest.xml:44:13-37
99            android:launchMode="singleTop"
99-->[:arcore_client:] AndroidManifest.xml:45:13-43
100            android:theme="@android:style/Theme.Material.Light.Dialog.Alert" />
100-->[:arcore_client:] AndroidManifest.xml:46:13-77
101    </application>
102
103</manifest>